<?xml version="1.0" encoding="UTF-8"?>
<testng-results ignored="0" total="1" passed="1" failed="0" skipped="0">
  <reporter-output>
  </reporter-output>
  <suite started-at="2023-07-14T22:58:11 SELČ" name="Default suite" finished-at="2023-07-14T22:58:15 SELČ" duration-ms="4844">
    <groups>
    </groups>
    <test started-at="2023-07-14T22:58:11 SELČ" name="Default test" finished-at="2023-07-14T22:58:15 SELČ" duration-ms="4844">
      <class name="selenium.MultipleWindowsClass">
        <test-method signature="testMultipleWindows()[pri:0, instance:selenium.MultipleWindowsClass@3eb738bb]" started-at="2023-07-14T22:58:11 SELČ" name="testMultipleWindows" finished-at="2023-07-14T22:58:15 SELČ" duration-ms="4796" status="PASS">
          <reporter-output>
          </reporter-output>
        </test-method> <!-- testMultipleWindows -->
      </class> <!-- selenium.MultipleWindowsClass -->
    </test> <!-- Default test -->
  </suite> <!-- Default suite -->
</testng-results>
